2025-09-10 18:08:45.922+0000 INFO  [o.n.g.f.m.GlobalModule] Logging config in use: Embedded default config 'default-server-logs.xml'
2025-09-10 18:08:45.992+0000 WARN  [o.n.i.p.PageCache] Reflection access to java.nio.DirectByteBuffer is not available, using fallback mode. This could have negative impact on performance and memory usage. Consider adding --add-opens=java.base/java.nio=ALL-UNNAMED to VM options.
2025-09-10 18:08:46.034+0000 INFO  [o.n.i.d.DiagnosticsManager] 
                                                                ********************************************************************************
                                                                                             [ System diagnostics ]                             
                                                                ********************************************************************************
                                                                --------------------------------------------------------------------------------
                                                                                         [ System memory information ]                          
                                                                --------------------------------------------------------------------------------
                                                                Total Physical memory: 15.60GiB
                                                                Free Physical memory: 1.312GiB
                                                                Committed virtual memory: 6.039GiB
                                                                Total swap space: 2.000GiB
                                                                Free swap space: 2.000GiB
                                                                
                                                                --------------------------------------------------------------------------------
                                                                                           [ JVM memory information ]                           
                                                                --------------------------------------------------------------------------------
                                                                Free  memory: 997.4MiB
                                                                Total memory: 1.000GiB
                                                                Max   memory: 2.000GiB
                                                                Garbage Collector: G1 Young Generation: [G1 Eden Space, G1 Survivor Space, G1 Old Gen]
                                                                Garbage Collector: G1 Old Generation: [G1 Eden Space, G1 Survivor Space, G1 Old Gen]
                                                                Memory Pool: CodeHeap 'non-nmethods' (Non-heap memory): committed=2.438MiB, used=1.211MiB, max=5.570MiB, threshold=0B
                                                                Memory Pool: Metaspace (Non-heap memory): committed=21.69MiB, used=21.35MiB, max=-1B, threshold=0B
                                                                Memory Pool: CodeHeap 'profiled nmethods' (Non-heap memory): committed=4.750MiB, used=4.710MiB, max=117.2MiB, threshold=0B
                                                                Memory Pool: Compressed Class Space (Non-heap memory): committed=2.500MiB, used=2.296MiB, max=1.000GiB, threshold=0B
                                                                Memory Pool: G1 Eden Space (Heap memory): committed=643.0MiB, used=2.000MiB, max=-1B, threshold=?
                                                                Memory Pool: G1 Old Gen (Heap memory): committed=379.0MiB, used=22.10MiB, max=2.000GiB, threshold=0B
                                                                Memory Pool: G1 Survivor Space (Heap memory): committed=2.000MiB, used=1.975MiB, max=-1B, threshold=?
                                                                Memory Pool: CodeHeap 'non-profiled nmethods' (Non-heap memory): committed=2.438MiB, used=1.345MiB, max=117.2MiB, threshold=0B
                                                                
                                                                --------------------------------------------------------------------------------
                                                                                        [ Operating system information ]                        
                                                                --------------------------------------------------------------------------------
                                                                Operating System: Linux; version: 6.10.14-linuxkit; arch: aarch64; cpus: 12
                                                                Max number of file descriptors: 1048576
                                                                Number of open file descriptors: 190
                                                                Process id: 7
                                                                Byte order: LITTLE_ENDIAN
                                                                Local timezone: Etc/UTC
                                                                Memory page size: 4096
                                                                Unaligned memory access allowed: true
                                                                
                                                                --------------------------------------------------------------------------------
                                                                                              [ JVM information ]                               
                                                                --------------------------------------------------------------------------------
                                                                VM Name: OpenJDK 64-Bit Server VM
                                                                VM Vendor: Eclipse Adoptium
                                                                VM Version: 17.0.9+9
                                                                JIT compiler: HotSpot 64-Bit Tiered Compilers
                                                                VM Arguments: [-Dfile.encoding=UTF-8, -Xms1048576k, -Xmx2097152k]
                                                                
                                                                --------------------------------------------------------------------------------
                                                                                               [ Java classpath ]                               
                                                                --------------------------------------------------------------------------------
                                                                 [classpath] /var/lib/neo4j/lib/commons-lang3-3.13.0.jar
                                                                 [classpath] /var/lib/neo4j/lib/shiro-cache-1.13.0.jar
                                                                 [classpath] /var/lib/neo4j/lib/neo4j-import-tool-5.15.0.jar
                                                                 [classpath] /var/lib/neo4j/lib/jetty-security-10.0.17.jar
                                                                 [classpath] /var/lib/neo4j/lib/netty-common-4.1.100.Final.jar
                                                                 [classpath] /var/lib/neo4j/lib/jPowerShell-3.0.jar
                                                                 [classpath] /var/lib/neo4j/lib/netty-tcnative-classes-2.0.61.Final.jar
                                                                 [classpath] /var/lib/neo4j/lib/mercator_2.13-0.2.1.jar
                                                                 [classpath] /var/lib/neo4j/lib/netty-transport-4.1.100.Final.jar
                                                                 [classpath] /var/lib/neo4j/lib/neo4j-push-to-cloud-5.15.0.jar
                                                                 [classpath] /var/lib/neo4j/lib/neo4j-5.15.0.jar
                                                                 [classpath] /var/lib/neo4j/lib/jaxb-runtime-2.3.2.jar
                                                                 [classpath] /var/lib/neo4j/lib/neo4j-cypher-ast-factory-5.15.0.jar
                                                                 [classpath] /var/lib/neo4j/lib/reactive-streams-1.0.4.jar
                                                                 [classpath] /var/lib/neo4j/lib/server-api-5.15.0.jar
                                                                 [classpath] /var/lib/neo4j/lib/neo4j-procedure-5.15.0.jar
                                                                 [classpath] /var/lib/neo4j/lib/neo4j-security-5.15.0.jar
                                                                 [classpath] /var/lib/neo4j/lib/javassist-3.25.0-GA.jar
                                                                 [classpath] /var/lib/neo4j/lib/commons-io-2.15.0.jar
                                                                 [classpath] /var/lib/neo4j/lib/neo4j-codegen-5.15.0.jar
                                                                 [classpath] /var/lib/neo4j/lib/jersey-container-servlet-2.34.jar
                                                                 [classpath] /var/lib/neo4j/lib/caffeine-3.1.8.jar
                                                                 [classpath] /var/lib/neo4j/lib/neo4j-kernel-api-5.15.0.jar
                                                                 [classpath] /var/lib/neo4j/lib/commons-configuration2-2.9.0.jar
                                                                 [classpath] /var/lib/neo4j/lib/shiro-core-1.13.0.jar
                                                                 [classpath] /var/lib/neo4j/lib/scala-library-2.13.11.jar
                                                                 [classpath] /var/lib/neo4j/lib/jetty-io-10.0.17.jar
                                                                 [classpath] /var/lib/neo4j/lib/neo4j-native-5.15.0.jar
                                                                 [classpath] /var/lib/neo4j/lib/jetty-xml-10.0.17.jar
                                                                 [classpath] /var/lib/neo4j/lib/picocli-4.7.5.jar
                                                                 [classpath] /var/lib/neo4j/lib/neo4j-bolt-5.15.0.jar
                                                                 [classpath] /var/lib/neo4j/lib/jetty-servlet-10.0.17.jar
                                                                 [classpath] /var/lib/neo4j/lib/neo4j-record-storage-engine-5.15.0.jar
                                                                 [classpath] /var/lib/neo4j/lib/neo4j-lock-5.15.0.jar
                                                                 [classpath] /var/lib/neo4j/lib/neo4j-cypher-5.15.0.jar
                                                                 [classpath] /var/lib/neo4j/conf/*
                                                                 [classpath] /var/lib/neo4j/lib/neo4j-values-5.15.0.jar
                                                                 [classpath] /var/lib/neo4j/lib/WMI4Java-1.6.3.jar
                                                                 [classpath] /var/lib/neo4j/lib/neo4j-cypher-planner-5.15.0.jar
                                                                 [classpath] /var/lib/neo4j/lib/neo4j-cypher-planner-spi-5.15.0.jar
                                                                 [classpath] /var/lib/neo4j/lib/neo4j-util-5.15.0.jar
                                                                 [classpath] /var/lib/neo4j/lib/neo4j-collections-5.15.0.jar
                                                                 [classpath] /var/lib/neo4j/lib/jakarta.xml.bind-api-2.3.2.jar
                                                                 [classpath] /var/lib/neo4j/lib/jProcesses-1.6.5.jar
                                                                 [classpath] /var/lib/neo4j/lib/neo4j-consistency-check-5.15.0.jar
                                                                 [classpath] /var/lib/neo4j/lib/neo4j-csv-5.15.0.jar
                                                                 [classpath] /var/lib/neo4j/lib/neo4j-procedure-api-5.15.0.jar
                                                                 [classpath] /var/lib/neo4j/lib/hk2-locator-2.6.1.jar
                                                                 [classpath] /var/lib/neo4j/lib/neo4j-lucene-index-5.15.0.jar
                                                                 [classpath] /var/lib/neo4j/lib/neo4j-configuration-5.15.0.jar
                                                                 [classpath] /var/lib/neo4j/lib/jersey-common-2.34.jar
                                                                 [classpath] /var/lib/neo4j/lib/neo4j-expressions-5.15.0.jar
                                                                 [classpath] /var/lib/neo4j/lib/neo4j-schema-5.15.0.jar
                                                                 [classpath] /var/lib/neo4j/lib/neo4j-logging-5.15.0.jar
                                                                 [classpath] /var/lib/neo4j/lib/neo4j-common-5.15.0.jar
                                                                 [classpath] /var/lib/neo4j/lib/jackson-annotations-2.15.2.jar
                                                                 [classpath] /var/lib/neo4j/lib/eclipse-collections-api-11.1.0.jar
                                                                 [classpath] /var/lib/neo4j/lib/jersey-container-servlet-core-2.34.jar
                                                                 [classpath] /var/lib/neo4j/lib/jansi-2.4.0.jar
                                                                 [classpath] /var/lib/neo4j/lib/neo4j-id-generator-5.15.0.jar
                                                                 [classpath] /var/lib/neo4j/lib/jetty-webapp-10.0.17.jar
                                                                 [classpath] /var/lib/neo4j/lib/neo4j-dbms-5.15.0.jar
                                                                 [classpath] /var/lib/neo4j/lib/jetty-http-10.0.17.jar
                                                                 [classpath] /var/lib/neo4j/lib/neo4j-spatial-index-5.15.0.jar
                                                                 [classpath] /var/lib/neo4j/lib/shiro-config-core-1.13.0.jar
                                                                 [classpath] /var/lib/neo4j/lib/ipaddress-5.4.0.jar
                                                                 [classpath] /var/lib/neo4j/lib/neo4j-server-5.15.0.jar
                                                                 [classpath] /var/lib/neo4j/lib/jline-terminal-3.21.0.jar
                                                                 [classpath] /var/lib/neo4j/lib/netty-transport-classes-kqueue-4.1.100.Final.jar
                                                                 [classpath] /var/lib/neo4j/lib/neo4j-cypher-logical-plans-5.15.0.jar
                                                                 [classpath] /var/lib/neo4j/lib/neo4j-io-5.15.0.jar
                                                                 [classpath] /var/lib/neo4j/lib/netty-transport-native-kqueue-4.1.100.Final-osx-aarch_64.jar
                                                                 [classpath] /var/lib/neo4j/lib/neo4j-cypher-physical-planning-5.15.0.jar
                                                                 [classpath] /var/lib/neo4j/lib/neo4j-resource-5.15.0.jar
                                                                 [classpath] /var/lib/neo4j/lib/lucene-analysis-common-9.8.0.jar
                                                                 [classpath] /var/lib/neo4j/lib/commons-text-1.11.0.jar
                                                                 [classpath] /var/lib/neo4j/lib/kiama_2.13-2.5.1.jar
                                                                 [classpath] /var/lib/neo4j/lib/jakarta.ws.rs-api-2.1.6.jar
                                                                 [classpath] /var/lib/neo4j/lib/neo4j-cypher-config-5.15.0.jar
                                                                 [classpath] /var/lib/neo4j/lib/zstd-proxy-5.15.0.jar
                                                                 [classpath] /var/lib/neo4j/lib/jline-terminal-jansi-3.21.0.jar
                                                                 [classpath] /var/lib/neo4j/lib/hk2-api-2.6.1.jar
                                                                 [classpath] /var/lib/neo4j/lib/reactor-core-3.5.11.jar
                                                                 [classpath] /var/lib/neo4j/lib/netty-transport-native-epoll-4.1.100.Final-linux-x86_64.jar
                                                                 [classpath] /var/lib/neo4j/lib/shiro-lang-1.13.0.jar
                                                                 [classpath] /var/lib/neo4j/lib/istack-commons-runtime-3.0.8.jar
                                                                 [classpath] /var/lib/neo4j/lib/jackson-jaxrs-json-provider-2.15.2.jar
                                                                 [classpath] /var/lib/neo4j/lib/jetty-servlet-api-4.0.6.jar
                                                                 [classpath] /var/lib/neo4j/lib/neo4j-exceptions-5.15.0.jar
                                                                 [classpath] /var/lib/neo4j/lib/eclipse-collections-11.1.0.jar
                                                                 [classpath] /var/lib/neo4j/lib/shiro-crypto-cipher-1.13.0.jar
                                                                 [classpath] /var/lib/neo4j/lib/neo4j-fulltext-index-5.15.0.jar
                                                                 [classpath] /var/lib/neo4j/lib/neo4j-capabilities-5.15.0.jar
                                                                 [classpath] /var/lib/neo4j/lib/netty-transport-native-kqueue-4.1.100.Final-osx-x86_64.jar
                                                                 [classpath] /var/lib/neo4j/lib/neo4j-cypher-macros-5.15.0.jar
                                                                 [classpath] /var/lib/neo4j/lib/neo4j-fabric-5.15.0.jar
                                                                 [classpath] /var/lib/neo4j/lib/neo4j-ssl-5.15.0.jar
                                                                 [classpath] /var/lib/neo4j/lib/jetty-util-10.0.17.jar
                                                                 [classpath] /var/lib/neo4j/lib/jetty-server-10.0.17.jar
                                                                 [classpath] /var/lib/neo4j/lib/neo4j-browser-5.12.0.jar
                                                                 [classpath] /var/lib/neo4j/lib/neo4j-cypher-dsl-2023.8.0.jar
                                                                 [classpath] /var/lib/neo4j/lib/jackson-jaxrs-base-2.15.2.jar
                                                                 [classpath] /var/lib/neo4j/lib/neo4j-graph-algo-5.15.0.jar
                                                                 [classpath] /var/lib/neo4j/lib/jakarta.activation-api-1.2.2.jar
                                                                 [classpath] /var/lib/neo4j/lib/neo4j-cypher-javacc-parser-5.15.0.jar
                                                                 [classpath] /var/lib/neo4j/lib/jakarta.validation-api-2.0.2.jar
                                                                 [classpath] /var/lib/neo4j/lib/magnolia_2.13-0.17.0.jar
                                                                 [classpath] /var/lib/neo4j/lib/jctools-core-4.0.1.jar
                                                                 [classpath] /var/lib/neo4j/lib/neo4j-slf4j-provider-5.15.0.jar
                                                                 [classpath] /var/lib/neo4j/lib/jettison-1.5.4.jar
                                                                 [classpath] /var/lib/neo4j/lib/netty-transport-native-epoll-4.1.100.Final-linux-aarch_64.jar
                                                                 [classpath] /var/lib/neo4j/lib/jakarta.inject-2.6.1.jar
                                                                 [classpath] /var/lib/neo4j/lib/neo4j-index-5.15.0.jar
                                                                 [classpath] /var/lib/neo4j/lib/hk2-utils-2.6.1.jar
                                                                 [classpath] /var/lib/neo4j/lib/stax-ex-1.8.1.jar
                                                                 [classpath] /var/lib/neo4j/lib/neo4j-ast-5.15.0.jar
                                                                 [classpath] /var/lib/neo4j/lib/annotations-5.15.0.jar
                                                                 [classpath] /var/lib/neo4j/lib/slf4j-api-2.0.9.jar
                                                                 [classpath] /var/lib/neo4j/lib/netty-codec-4.1.100.Final.jar
                                                                 [classpath] /var/lib/neo4j/lib/txw2-2.3.2.jar
                                                                 [classpath] /var/lib/neo4j/lib/netty-buffer-4.1.100.Final.jar
                                                                 [classpath] /var/lib/neo4j/lib/commons-compress-1.24.0.jar
                                                                 [classpath] /var/lib/neo4j/lib/lucene-core-9.8.0.jar
                                                                 [classpath] /var/lib/neo4j/lib/log4j-api-2.20.0.jar
                                                                 [classpath] /var/lib/neo4j/lib/lucene-queryparser-9.8.0.jar
                                                                 [classpath] /var/lib/neo4j/lib/neo4j-cypher-ir-5.15.0.jar
                                                                 [classpath] /var/lib/neo4j/lib/jline-reader-3.21.0.jar
                                                                 [classpath] /var/lib/neo4j/lib/cypher-shell-5.15.0.jar
                                                                 [classpath] /var/lib/neo4j/lib/FastInfoset-1.2.16.jar
                                                                 [classpath] /var/lib/neo4j/lib/argparse4j-0.9.0.jar
                                                                 [classpath] /var/lib/neo4j/lib/neo4j-concurrent-5.15.0.jar
                                                                 [classpath] /var/lib/neo4j/lib/log4j-core-2.20.0.jar
                                                                 [classpath] /var/lib/neo4j/lib/commons-logging-1.2.jar
                                                                 [classpath] /var/lib/neo4j/lib/shiro-event-1.13.0.jar
                                                                 [classpath] /var/lib/neo4j/lib/neo4j-token-api-5.15.0.jar
                                                                 [classpath] /var/lib/neo4j/lib/jna-5.13.0.jar
                                                                 [classpath] /var/lib/neo4j/lib/jackson-core-2.15.2.jar
                                                                 [classpath] /var/lib/neo4j/lib/neo4j-data-collector-5.15.0.jar
                                                                 [classpath] /var/lib/neo4j/lib/neo4j-storage-engine-util-5.15.0.jar
                                                                 [classpath] /var/lib/neo4j/lib/neo4j-rewriting-5.15.0.jar
                                                                 [classpath] /var/lib/neo4j/lib/netty-resolver-4.1.100.Final.jar
                                                                 [classpath] /var/lib/neo4j/lib/neo4j-cypher-expression-evaluator-5.15.0.jar
                                                                 [classpath] /var/lib/neo4j/lib/neo4j-import-util-5.15.0.jar
                                                                 [classpath] /var/lib/neo4j/lib/zstd-jni-1.5.5-10.jar
                                                                 [classpath] /var/lib/neo4j/lib/neo4j-query-router-5.15.0.jar
                                                                 [classpath] /var/lib/neo4j/lib/neo4j-bootcheck-5.15.0.jar
                                                                 [classpath] /var/lib/neo4j/lib/jackson-databind-2.15.2.jar
                                                                 [classpath] /var/lib/neo4j/lib/neo4j-wal-5.15.0.jar
                                                                 [classpath] /var/lib/neo4j/lib/neo4j-cypher-slotted-runtime-5.15.0.jar
                                                                 [classpath] /var/lib/neo4j/lib/netty-handler-4.1.100.Final.jar
                                                                 [classpath] /var/lib/neo4j/lib/neo4j-java-driver-5.15.0.jar
                                                                 [classpath] /var/lib/neo4j/lib/scala-reflect-2.13.11.jar
                                                                 [classpath] /var/lib/neo4j/lib/jakarta.annotation-api-1.3.5.jar
                                                                 [classpath] /var/lib/neo4j/lib/cypher-literal-interpreter-5.15.0.jar
                                                                 [classpath] /var/lib/neo4j/lib/neo4j-cypher-interpreted-runtime-5.15.0.jar
                                                                 [classpath] /var/lib/neo4j/lib/shiro-crypto-core-1.13.0.jar
                                                                 [classpath] /var/lib/neo4j/lib/jackson-module-jaxb-annotations-2.15.2.jar
                                                                 [classpath] /var/lib/neo4j/lib/neo4j-unsafe-5.15.0.jar
                                                                 [classpath] /var/lib/neo4j/lib/neo4j-diagnostics-5.15.0.jar
                                                                 [classpath] /var/lib/neo4j/lib/netty-transport-classes-epoll-4.1.100.Final.jar
                                                                 [classpath] /var/lib/neo4j/lib/neo4j-command-line-5.15.0.jar
                                                                 [classpath] /var/lib/neo4j/lib/netty-transport-native-unix-common-4.1.100.Final.jar
                                                                 [classpath] /var/lib/neo4j/lib/neo4j-cypher-cache-5.15.0.jar
                                                                 [classpath] /var/lib/neo4j/lib/neo4j-layout-5.15.0.jar
                                                                 [classpath] /var/lib/neo4j/lib/netty-codec-http-4.1.100.Final.jar
                                                                 [classpath] /var/lib/neo4j/lib/neo4j-cypher-runtime-util-5.15.0.jar
                                                                 [classpath] /var/lib/neo4j/lib/lucene-backward-codecs-9.8.0.jar
                                                                 [classpath] /var/lib/neo4j/lib/log4j-layout-template-json-2.20.0.jar
                                                                 [classpath] /var/lib/neo4j/lib/jersey-server-2.34.jar
                                                                 [classpath] /var/lib/neo4j/lib/shiro-crypto-hash-1.13.0.jar
                                                                 [classpath] /var/lib/neo4j/lib/scala-collection-contrib_2.13-0.3.0.jar
                                                                 [classpath] /var/lib/neo4j/lib/neo4j-kernel-5.15.0.jar
                                                                 [classpath] /plugins/apoc.jar
                                                                 [classpath] /var/lib/neo4j/lib/cypher-ast-factory-5.15.0.jar
                                                                 [classpath] /var/lib/neo4j/lib/neo4j-monitoring-5.15.0.jar
                                                                 [classpath] /var/lib/neo4j/lib/jersey-client-2.34.jar
                                                                 [classpath] /var/lib/neo4j/lib/neo4j-graphdb-api-5.15.0.jar
                                                                 [classpath] /var/lib/neo4j/lib/jersey-hk2-2.34.jar
                                                                 [classpath] /var/lib/neo4j/lib/neo4j-front-end-5.15.0.jar
                                                                
                                                                --------------------------------------------------------------------------------
                                                                                                [ Library path ]                                
                                                                --------------------------------------------------------------------------------
                                                                /usr/java/packages/lib
                                                                /usr/lib64
                                                                /lib64
                                                                /lib
                                                                /usr/lib
                                                                
                                                                --------------------------------------------------------------------------------
                                                                                             [ System properties ]                              
                                                                --------------------------------------------------------------------------------
                                                                sun.jnu.encoding = ANSI_X3.4-1968
                                                                sun.arch.data.model = 64
                                                                user.timezone = Etc/UTC
                                                                sun.java.launcher = SUN_STANDARD
                                                                user.country = US
                                                                sun.boot.library.path = /opt/java/openjdk/lib
                                                                sun.java.command = org.neo4j.server.CommunityEntryPoint --home-dir=/var/lib/neo4j --config-dir=/var/lib/neo4j/conf --console-mode
                                                                jdk.debug = release
                                                                sun.cpu.endian = little
                                                                user.home = /var/lib/neo4j
                                                                user.language = en
                                                                file.separator = /
                                                                sun.management.compiler = HotSpot 64-Bit Tiered Compilers
                                                                user.name = neo4j
                                                                path.separator = :
                                                                file.encoding = UTF-8
                                                                jnidispatch.path = /var/lib/neo4j/.cache/JNA/temp/jna5705123253541346381.tmp
                                                                jna.loaded = true
                                                                user.dir = /var/lib/neo4j
                                                                native.encoding = ANSI_X3.4-1968
                                                                sun.io.unicode.encoding = UnicodeLittle
                                                                
                                                                --------------------------------------------------------------------------------
                                                                                      [ (IANA) TimeZone database version ]                      
                                                                --------------------------------------------------------------------------------
                                                                  TimeZone version: 2023c (available for 603 zone identifiers)
                                                                
                                                                --------------------------------------------------------------------------------
                                                                                            [ Network information ]                             
                                                                --------------------------------------------------------------------------------
                                                                Interface eth0:
                                                                    address: 172.19.0.2
                                                                Interface lo:
                                                                    address: 0:0:0:0:0:0:0:1%lo
                                                                    address: 127.0.0.1
                                                                
                                                                --------------------------------------------------------------------------------
                                                                                         [ Native access information ]                          
                                                                --------------------------------------------------------------------------------
                                                                Native access details: Linux native access is available.
                                                                
                                                                --------------------------------------------------------------------------------
                                                                                                [ DBMS config ]                                 
                                                                --------------------------------------------------------------------------------
                                                                DBMS provided settings:
                                                                dbms.security.procedures.allowlist=apoc.*
                                                                dbms.security.procedures.unrestricted=apoc.*
                                                                server.default_listen_address=0.0.0.0
                                                                server.directories.logs=/logs
                                                                server.directories.neo4j_home=/var/lib/neo4j
                                                                server.directories.plugins=/plugins
                                                                server.memory.heap.initial_size=1.00GiB
                                                                server.memory.heap.max_size=2.00GiB
                                                                server.memory.pagecache.size=1.00GiB
                                                                Directories in use:
                                                                server.directories.data=/var/lib/neo4j/data
                                                                server.directories.dumps.root=/var/lib/neo4j/data/dumps
                                                                server.directories.import=/var/lib/neo4j
                                                                server.directories.lib=/var/lib/neo4j/lib
                                                                server.directories.licenses=/var/lib/neo4j/licenses
                                                                server.directories.logs=/logs
                                                                server.directories.neo4j_home=/var/lib/neo4j
                                                                server.directories.plugins=/plugins
                                                                server.directories.run=/var/lib/neo4j/run
                                                                server.directories.script.root=/var/lib/neo4j/data/scripts
                                                                server.directories.transaction.logs.root=/var/lib/neo4j/data/transactions
                                                                
                                                                --------------------------------------------------------------------------------
                                                                                                 [ Packaging ]                                  
                                                                --------------------------------------------------------------------------------
                                                                Edition: Community
                                                                Package Type: tar
                                                                
2025-09-10 18:08:46.044+0000 INFO  [o.n.d.i.DefaultIdentityModule] Generated new ServerId: ServerId{afb64699} (afb64699-3d7b-432d-a15a-6f47b3c29a82)
2025-09-10 18:08:46.044+0000 INFO  [o.n.d.i.DefaultIdentityModule] This instance is ServerId{afb64699} (afb64699-3d7b-432d-a15a-6f47b3c29a82)
2025-09-10 18:08:46.296+0000 INFO  [o.n.s.CommunityNeoWebServer] ======== Neo4j 5.15.0 ========
2025-09-10 18:08:46.301+0000 INFO  [o.n.d.d.DatabaseLifecycles] Creating 'DatabaseId{00000000[system]}'.
2025-09-10 18:08:46.324+0000 INFO  [a.ApocConfig] successfully registered ApocConfig for @Context
2025-09-10 18:08:46.325+0000 INFO  [a.Pools] successfully registered Pools for @Context
2025-09-10 18:08:46.327+0000 INFO  [a.ApocConfig] from system properties: NEO4J_CONF=/var/lib/neo4j/conf
2025-09-10 18:08:46.327+0000 INFO  [a.ApocConfig] system property NEO4J_CONF set to /var/lib/neo4j/conf
2025-09-10 18:08:46.327+0000 INFO  [a.ApocConfig] loading apoc meta config from jar:file:/plugins/apoc.jar!/apoc-config.xml
2025-09-10 18:08:46.393+0000 INFO  [a.ApocConfig] setting APOC config to default value: apoc.trigger.enabled=false
2025-09-10 18:08:46.408+0000 INFO  [o.n.b.BoltServer] Using connector transport epoll
2025-09-10 18:08:46.453+0000 INFO  [o.n.b.BoltServer] Configured external Bolt connector with listener address /0.0.0.0:7687
2025-09-10 18:08:46.453+0000 INFO  [o.n.b.BoltServer] Bolt server loaded
2025-09-10 18:08:46.462+0000 INFO  [o.n.d.d.DatabaseLifecycles] Starting 'DatabaseId{00000000[system]}'.
2025-09-10 18:08:46.672+0000 INFO  [o.n.i.d.DiagnosticsManager] [system/00000000] 
                                                                [system/00000000] ********************************************************************************
                                                                [system/00000000]                               [ Database: system ]                              
                                                                [system/00000000] ********************************************************************************
                                                                [system/00000000] --------------------------------------------------------------------------------
                                                                [system/00000000]                                   [ Version ]                                   
                                                                [system/00000000] --------------------------------------------------------------------------------
                                                                [system/00000000] DBMS: community record-aligned-1.1
                                                                [system/00000000] Kernel version: 5.15.0
                                                                [system/00000000] 
                                                                [system/00000000] --------------------------------------------------------------------------------
                                                                [system/00000000]                                 [ Store files ]                                 
                                                                [system/00000000] --------------------------------------------------------------------------------
                                                                [system/00000000] Disk space on partition (Total / Free / Free %): 994662584320 / 652688449536 / 65
                                                                [system/00000000] Storage files stored on file store: fakeowner
                                                                [system/00000000] Storage files: (filename : modification date - size)
                                                                [system/00000000]   neostore: 2025-09-10 18:08:46.618+0000 - 8.000KiB
                                                                [system/00000000]   neostore.counts.db: 2025-09-10 18:08:46.627+0000 - 0B
                                                                [system/00000000]   neostore.indexstats.db: 2025-09-10 18:08:46.634+0000 - 0B
                                                                [system/00000000]   neostore.labeltokenstore.db: 2025-09-10 18:08:46.613+0000 - 0B
                                                                [system/00000000]   neostore.labeltokenstore.db.id: 2025-09-10 18:08:46.613+0000 - 0B
                                                                [system/00000000]   neostore.labeltokenstore.db.names: 2025-09-10 18:08:46.612+0000 - 8.000KiB
                                                                [system/00000000]   neostore.labeltokenstore.db.names.id: 2025-09-10 18:08:46.612+0000 - 0B
                                                                [system/00000000]   neostore.nodestore.db: 2025-09-10 18:08:46.604+0000 - 0B
                                                                [system/00000000]   neostore.nodestore.db.id: 2025-09-10 18:08:46.604+0000 - 0B
                                                                [system/00000000]   neostore.nodestore.db.labels: 2025-09-10 18:08:46.601+0000 - 8.000KiB
                                                                [system/00000000]   neostore.nodestore.db.labels.id: 2025-09-10 18:08:46.590+0000 - 0B
                                                                [system/00000000]   neostore.propertystore.db: 2025-09-10 18:08:46.609+0000 - 0B
                                                                [system/00000000]   neostore.propertystore.db.arrays: 2025-09-10 18:08:46.608+0000 - 8.000KiB
                                                                [system/00000000]   neostore.propertystore.db.arrays.id: 2025-09-10 18:08:46.607+0000 - 0B
                                                                [system/00000000]   neostore.propertystore.db.id: 2025-09-10 18:08:46.609+0000 - 0B
                                                                [system/00000000]   neostore.propertystore.db.index: 2025-09-10 18:08:46.606+0000 - 0B
                                                                [system/00000000]   neostore.propertystore.db.index.id: 2025-09-10 18:08:46.606+0000 - 0B
                                                                [system/00000000]   neostore.propertystore.db.index.keys: 2025-09-10 18:08:46.605+0000 - 8.000KiB
                                                                [system/00000000]   neostore.propertystore.db.index.keys.id: 2025-09-10 18:08:46.604+0000 - 0B
                                                                [system/00000000]   neostore.propertystore.db.strings: 2025-09-10 18:08:46.607+0000 - 8.000KiB
                                                                [system/00000000]   neostore.propertystore.db.strings.id: 2025-09-10 18:08:46.607+0000 - 0B
                                                                [system/00000000]   neostore.relationshipgroupstore.db: 2025-09-10 18:08:46.616+0000 - 8.000KiB
                                                                [system/00000000]   neostore.relationshipgroupstore.db.id: 2025-09-10 18:08:46.615+0000 - 0B
                                                                [system/00000000]   neostore.relationshipgroupstore.degrees.db: 2025-09-10 18:08:46.632+0000 - 0B
                                                                [system/00000000]   neostore.relationshipstore.db: 2025-09-10 18:08:46.610+0000 - 0B
                                                                [system/00000000]   neostore.relationshipstore.db.id: 2025-09-10 18:08:46.610+0000 - 0B
                                                                [system/00000000]   neostore.relationshiptypestore.db: 2025-09-10 18:08:46.611+0000 - 0B
                                                                [system/00000000]   neostore.relationshiptypestore.db.id: 2025-09-10 18:08:46.611+0000 - 0B
                                                                [system/00000000]   neostore.relationshiptypestore.db.names: 2025-09-10 18:08:46.611+0000 - 8.000KiB
                                                                [system/00000000]   neostore.relationshiptypestore.db.names.id: 2025-09-10 18:08:46.610+0000 - 0B
                                                                [system/00000000]   neostore.schemastore.db: 2025-09-10 18:08:46.614+0000 - 8.000KiB
                                                                [system/00000000]   neostore.schemastore.db.id: 2025-09-10 18:08:46.614+0000 - 0B
                                                                [system/00000000] Storage summary: 
                                                                [system/00000000]   Total size of store: 72.00KiB
                                                                [system/00000000]   Total size of mapped files: 72.00KiB
                                                                [system/00000000] 
                                                                [system/00000000] --------------------------------------------------------------------------------
                                                                [system/00000000]                               [ Transaction log ]                               
                                                                [system/00000000] --------------------------------------------------------------------------------
                                                                [system/00000000] Transaction log files stored on file store: fakeowner
                                                                [system/00000000] Transaction log metadata:
                                                                [system/00000000]  - current kernel version used in transactions: V5_15
                                                                [system/00000000]  - last committed transaction id: 1
                                                                [system/00000000] Transaction log files:
                                                                [system/00000000]  - existing transaction log versions: -1--1
                                                                [system/00000000]  - no transactions found
                                                                [system/00000000] Checkpoint log files:
                                                                [system/00000000]  - existing checkpoint log versions: -1--1
                                                                [system/00000000]  - no checkpoints found
                                                                [system/00000000] 
                                                                [system/00000000] --------------------------------------------------------------------------------
                                                                [system/00000000]                                   [ Id usage ]                                  
                                                                [system/00000000] --------------------------------------------------------------------------------
                                                                [system/00000000] ArrayPropertyStore[neostore.nodestore.db.labels]: used=1 high=0
                                                                [system/00000000] NodeStore[neostore.nodestore.db]: used=0 high=-1
                                                                [system/00000000] StringPropertyStore[neostore.propertystore.db.index.keys]: used=1 high=0
                                                                [system/00000000] PropertyIndexStore[neostore.propertystore.db.index]: used=0 high=-1
                                                                [system/00000000] StringPropertyStore[neostore.propertystore.db.strings]: used=1 high=0
                                                                [system/00000000] ArrayPropertyStore[neostore.propertystore.db.arrays]: used=1 high=0
                                                                [system/00000000] PropertyStore[neostore.propertystore.db]: used=0 high=-1
                                                                [system/00000000] RelationshipStore[neostore.relationshipstore.db]: used=0 high=-1
                                                                [system/00000000] StringPropertyStore[neostore.relationshiptypestore.db.names]: used=1 high=0
                                                                [system/00000000] RelationshipTypeStore[neostore.relationshiptypestore.db]: used=0 high=-1
                                                                [system/00000000] StringPropertyStore[neostore.labeltokenstore.db.names]: used=1 high=0
                                                                [system/00000000] LabelTokenStore[neostore.labeltokenstore.db]: used=0 high=-1
                                                                [system/00000000] SchemaStore[neostore.schemastore.db]: used=1 high=0
                                                                [system/00000000] RelationshipGroupStore[neostore.relationshipgroupstore.db]: used=1 high=0
                                                                [system/00000000] NeoStore[neostore]: used=-1 high=-1
                                                                [system/00000000] 
                                                                [system/00000000] --------------------------------------------------------------------------------
                                                                [system/00000000]                                   [ Metadata ]                                  
                                                                [system/00000000] --------------------------------------------------------------------------------
                                                                [system/00000000] EXTERNAL_STORE_UUID (Database identifier exposed as external store identity. Generated on creation and never updated): 3ad8b603-ee05-498b-8770-833cb2ef8dbf
                                                                [system/00000000] DATABASE_ID (The last used DatabaseId for this database): null
                                                                [system/00000000] LEGACY_STORE_VERSION (Legacy store format version. This field is used from 5.0 onwards only to distinguish non-migrated pre 5.0 metadata stores.): -3523014627327384477
                                                                [system/00000000] STORE_ID (Store ID): StoreId{creationTime=1757527726616, random=-1678261616061873230, storageEngineName='record', formatName='aligned', majorVersion=1, minorVersion=1}
                                                                [system/00000000] 
2025-09-10 18:08:46.678+0000 INFO  [o.n.k.a.DatabaseAvailabilityGuard] [system/00000000] Requirement `Database unavailable` makes database system unavailable.
2025-09-10 18:08:46.679+0000 INFO  [o.n.k.a.DatabaseAvailabilityGuard] [system/00000000] DatabaseId{00000000[system]} is unavailable.
2025-09-10 18:08:46.684+0000 WARN  [o.n.k.i.s.MetaDataStore] [system/00000000] Missing counts store, rebuilding it.
2025-09-10 18:08:46.686+0000 WARN  [o.n.k.i.s.MetaDataStore] [system/00000000] Counts store rebuild completed.
2025-09-10 18:08:46.687+0000 WARN  [o.n.k.i.t.l.f.LogFileChannelNativeAccessor] [system/00000000] Error on attempt to preallocate log file version: 0. Error: ErrorCode=-1, errorMessage='Incorrect file descriptor.'
2025-09-10 18:08:46.692+0000 INFO  [o.n.k.d.Database] [system/00000000] Starting transaction log [/var/lib/neo4j/data/transactions/system/neostore.transaction.db.0] at version=0
2025-09-10 18:08:46.694+0000 WARN  [o.n.k.i.t.l.f.c.CheckpointFileChannelNativeAccessor] [system/00000000] Error on attempt to preallocate log file version: 0. Error: ErrorCode=-1, errorMessage='Incorrect file descriptor.'
2025-09-10 18:08:46.694+0000 INFO  [o.n.k.d.Database] [system/00000000] Starting transaction log [/var/lib/neo4j/data/transactions/system/checkpoint.0] at version=0
2025-09-10 18:08:46.696+0000 WARN  [o.n.k.i.t.l.f.c.CheckpointFileChannelNativeAccessor] [system/00000000] Unable to advise sequential access for transaction log version: 0. Error: ErrorCode=-1, errorMessage='Incorrect file descriptor.'
2025-09-10 18:08:46.696+0000 WARN  [o.n.k.i.t.l.f.c.CheckpointFileChannelNativeAccessor] [system/00000000] Unable to advise preserve data in cache for transaction log version: 0. Error: ErrorCode=-1, errorMessage='Incorrect file descriptor.'
2025-09-10 18:08:46.696+0000 INFO  [o.n.k.i.t.l.f.c.CheckpointLogFile] [system/00000000] Scanning log file with version 0 for checkpoint entries
2025-09-10 18:08:46.696+0000 WARN  [o.n.k.i.t.l.f.c.CheckpointFileChannelNativeAccessor] [system/00000000] Unable to evict transaction log from cache with version: 0. Error: ErrorCode=-1, errorMessage='Incorrect file descriptor.'
2025-09-10 18:08:46.697+0000 WARN  [o.n.k.i.t.l.f.LogFileChannelNativeAccessor] [system/00000000] Unable to advise sequential access for transaction log version: 0. Error: ErrorCode=-1, errorMessage='Incorrect file descriptor.'
2025-09-10 18:08:46.697+0000 WARN  [o.n.k.i.t.l.f.LogFileChannelNativeAccessor] [system/00000000] Unable to advise preserve data in cache for transaction log version: 0. Error: ErrorCode=-1, errorMessage='Incorrect file descriptor.'
2025-09-10 18:08:46.697+0000 WARN  [o.n.k.i.t.l.f.LogFileChannelNativeAccessor] [system/00000000] Unable to evict transaction log from cache with version: 0. Error: ErrorCode=-1, errorMessage='Incorrect file descriptor.'
2025-09-10 18:08:46.697+0000 WARN  [o.n.k.i.t.l.f.LogFileChannelNativeAccessor] [system/00000000] Unable to advise sequential access for transaction log version: 0. Error: ErrorCode=-1, errorMessage='Incorrect file descriptor.'
2025-09-10 18:08:46.697+0000 WARN  [o.n.k.i.t.l.f.LogFileChannelNativeAccessor] [system/00000000] Unable to advise preserve data in cache for transaction log version: 0. Error: ErrorCode=-1, errorMessage='Incorrect file descriptor.'
2025-09-10 18:08:46.697+0000 WARN  [o.n.k.i.t.l.f.LogFileChannelNativeAccessor] [system/00000000] Unable to evict transaction log from cache with version: 0. Error: ErrorCode=-1, errorMessage='Incorrect file descriptor.'
2025-09-10 18:08:46.714+0000 INFO  [o.n.k.a.DatabaseAvailabilityGuard] [system/00000000] Fulfilling of requirement 'Database unavailable' makes database system available.
2025-09-10 18:08:46.714+0000 INFO  [o.n.k.a.DatabaseAvailabilityGuard] [system/00000000] DatabaseId{00000000[system]} is ready.
2025-09-10 18:08:46.828+0000 INFO  [o.n.k.i.a.i.IndexPopulationJob] [system/00000000] Index population started: [Index( id=1, name='index_343aff4e', type='LOOKUP', schema=(:<any-labels>), indexProvider='token-lookup-1.0' )]
2025-09-10 18:08:46.845+0000 INFO  [o.n.k.i.a.i.IndexPopulationJob] [system/00000000] Index creation finished for index [Index( id=1, name='index_343aff4e', type='LOOKUP', schema=(:<any-labels>), indexProvider='token-lookup-1.0' )].
2025-09-10 18:08:46.848+0000 INFO  [o.n.k.i.a.i.IndexPopulationJob] [system/00000000] Index population started: [Index( id=2, name='index_f7700477', type='LOOKUP', schema=()-[:<any-types>]-(), indexProvider='token-lookup-1.0' )]
2025-09-10 18:08:46.853+0000 INFO  [o.n.k.i.a.i.IndexPopulationJob] [system/00000000] Index creation finished for index [Index( id=2, name='index_f7700477', type='LOOKUP', schema=()-[:<any-types>]-(), indexProvider='token-lookup-1.0' )].
2025-09-10 18:08:46.855+0000 INFO  [o.n.k.i.t.l.c.CheckPointerImpl] [system/00000000] Checkpoint triggered by "Database init completed." @ txId: 3 checkpoint started...
2025-09-10 18:08:46.871+0000 INFO  [o.n.k.i.t.l.c.CheckPointerImpl] [system/00000000] Checkpoint triggered by "Database init completed." @ txId: 3 checkpoint completed in 15ms. Checkpoint flushed 74 pages (0% of total available pages), in 57 IOs. Checkpoint performed with IO limit: unlimited, paused in total 0 times( 0 millis).
2025-09-10 18:08:46.872+0000 INFO  [o.n.k.i.t.l.p.LogPruningImpl] [system/00000000] No log version pruned. The strategy used was '2 days'. 
2025-09-10 18:08:46.993+0000 WARN  [o.n.k.a.p.GlobalProcedures] Failed to load `apoc.util.hdfs.HDFSUtils$1` from plugin jar `/plugins/apoc.jar`: java.lang.NoClassDefFoundError: org/apache/hadoop/fs/FSDataInputStream
2025-09-10 18:08:47.004+0000 WARN  [o.n.k.a.p.GlobalProcedures] Failed to load `com.jayway.jsonpath.spi.json.JakartaJsonProvider$JsonObjectProxy$1` from plugin jar `/plugins/apoc.jar`: java.lang.NoClassDefFoundError: jakarta/json/JsonObject
2025-09-10 18:08:47.065+0000 WARN  [o.n.k.a.p.GlobalProcedures] Failed to load `apoc.util.google.cloud.GCStorageURLConnection` from plugin jar `/plugins/apoc.jar`: java.lang.NoClassDefFoundError: com/google/cloud/storage/Storage
2025-09-10 18:08:47.092+0000 WARN  [o.n.k.a.p.GlobalProcedures] Failed to load `com.jayway.jsonpath.spi.json.JakartaJsonProvider$JsonArrayProxy` from plugin jar `/plugins/apoc.jar`: java.lang.NoClassDefFoundError: jakarta/json/JsonArray
2025-09-10 18:08:47.119+0000 WARN  [o.n.k.a.p.GlobalProcedures] Failed to load `apoc.util.hdfs.HDFSUtils` from plugin jar `/plugins/apoc.jar`: java.lang.NoClassDefFoundError: org/apache/hadoop/fs/FSDataOutputStream
2025-09-10 18:08:47.135+0000 WARN  [o.n.k.a.p.GlobalProcedures] Failed to load `com.jayway.jsonpath.spi.json.JakartaJsonProvider$JsonArrayProxy$1` from plugin jar `/plugins/apoc.jar`: java.lang.NoClassDefFoundError: jakarta/json/JsonValue
2025-09-10 18:08:47.135+0000 WARN  [o.n.k.a.p.GlobalProcedures] Failed to load `com.jayway.jsonpath.spi.json.JakartaJsonProvider$JsonArrayProxy$2` from plugin jar `/plugins/apoc.jar`: java.lang.NoClassDefFoundError: jakarta/json/JsonValue
2025-09-10 18:08:47.262+0000 WARN  [o.n.k.a.p.GlobalProcedures] Failed to load `com.jayway.jsonpath.spi.json.JakartaJsonProvider` from plugin jar `/plugins/apoc.jar`: java.lang.NoClassDefFoundError: jakarta/json/JsonObject
2025-09-10 18:08:47.312+0000 WARN  [o.n.k.a.p.GlobalProcedures] Failed to load `com.jayway.jsonpath.spi.json.JsonOrgJsonProvider` from plugin jar `/plugins/apoc.jar`: java.lang.NoClassDefFoundError: org/json/JSONException
2025-09-10 18:08:47.313+0000 WARN  [o.n.k.a.p.GlobalProcedures] Failed to load `org.apache.commons.logging.impl.LogKitLogger` from plugin jar `/plugins/apoc.jar`: java.lang.NoClassDefFoundError: org/apache/log/Logger
2025-09-10 18:08:47.346+0000 WARN  [o.n.k.a.p.GlobalProcedures] Failed to load `apoc.util.s3.S3Aws` from plugin jar `/plugins/apoc.jar`: java.lang.NoClassDefFoundError: com/amazonaws/auth/AWSCredentials
2025-09-10 18:08:47.347+0000 WARN  [o.n.k.a.p.GlobalProcedures] Failed to load `com.jayway.jsonpath.spi.mapper.JakartaMappingProvider$JsonStructureToParserAdapter` from plugin jar `/plugins/apoc.jar`: java.lang.NoClassDefFoundError: jakarta/json/stream/JsonParser
2025-09-10 18:08:47.386+0000 WARN  [o.n.k.a.p.GlobalProcedures] Failed to load `org.apache.commons.logging.impl.Log4JLogger` from plugin jar `/plugins/apoc.jar`: java.lang.NoClassDefFoundError: org/apache/log4j/Priority
2025-09-10 18:08:47.404+0000 WARN  [o.n.k.a.p.GlobalProcedures] Failed to load `com.jayway.jsonpath.spi.mapper.JakartaMappingProvider$JsonObjectScope` from plugin jar `/plugins/apoc.jar`: java.lang.NoClassDefFoundError: jakarta/json/JsonValue
2025-09-10 18:08:47.447+0000 WARN  [o.n.k.a.p.GlobalProcedures] Failed to load `apoc.util.s3.S3URLConnection` from plugin jar `/plugins/apoc.jar`: java.lang.NoClassDefFoundError: com/amazonaws/ClientConfiguration
2025-09-10 18:08:47.453+0000 WARN  [o.n.k.a.p.GlobalProcedures] Failed to load `com.jayway.jsonpath.spi.json.JakartaJsonProvider$JsonObjectProxy` from plugin jar `/plugins/apoc.jar`: java.lang.NoClassDefFoundError: jakarta/json/JsonObject
2025-09-10 18:08:47.469+0000 WARN  [o.n.k.a.p.GlobalProcedures] Failed to load `apoc.util.s3.S3OutputStream$S3UploadManager` from plugin jar `/plugins/apoc.jar`: java.lang.NoClassDefFoundError: com/amazonaws/services/s3/AmazonS3
2025-09-10 18:08:47.481+0000 WARN  [o.n.k.a.p.GlobalProcedures] Failed to load `org.apache.commons.logging.impl.AvalonLogger` from plugin jar `/plugins/apoc.jar`: java.lang.NoClassDefFoundError: org/apache/avalon/framework/logger/Logger
2025-09-10 18:08:47.486+0000 WARN  [o.n.k.a.p.GlobalProcedures] Failed to load `com.jayway.jsonpath.spi.mapper.JakartaMappingProvider` from plugin jar `/plugins/apoc.jar`: java.lang.NoClassDefFoundError: jakarta/json/stream/JsonParser
2025-09-10 18:08:47.488+0000 WARN  [o.n.k.a.p.GlobalProcedures] Failed to load `com.jayway.jsonpath.spi.json.GsonJsonProvider` from plugin jar `/plugins/apoc.jar`: java.lang.NoClassDefFoundError: com/google/gson/JsonElement
2025-09-10 18:08:47.500+0000 WARN  [o.n.k.a.p.GlobalProcedures] Failed to load `META-INF.versions.9.module-info` from plugin jar `/plugins/apoc.jar`: java.lang.NoClassDefFoundError: META-INF/versions/9/module-info is not a class because access_flag ACC_MODULE is set
2025-09-10 18:08:47.506+0000 WARN  [o.n.k.a.p.GlobalProcedures] Failed to load `com.jayway.jsonpath.spi.mapper.JakartaMappingProvider$JsonStructureScope` from plugin jar `/plugins/apoc.jar`: java.lang.NoClassDefFoundError: jakarta/json/JsonValue
2025-09-10 18:08:47.557+0000 WARN  [o.n.k.a.p.GlobalProcedures] Failed to load `com.jayway.jsonpath.spi.mapper.GsonMappingProvider$1` from plugin jar `/plugins/apoc.jar`: java.lang.NoClassDefFoundError: com/google/gson/Gson
2025-09-10 18:08:47.558+0000 WARN  [o.n.k.a.p.GlobalProcedures] Failed to load `com.jayway.jsonpath.spi.mapper.GsonMappingProvider$2` from plugin jar `/plugins/apoc.jar`: java.lang.NoClassDefFoundError: com/google/gson/Gson
2025-09-10 18:08:47.596+0000 WARN  [o.n.k.a.p.GlobalProcedures] Failed to load `com.jayway.jsonpath.spi.mapper.JakartaMappingProvider$JsonArrayScope` from plugin jar `/plugins/apoc.jar`: java.lang.NoClassDefFoundError: jakarta/json/JsonValue
2025-09-10 18:08:47.601+0000 WARN  [o.n.k.a.p.GlobalProcedures] Failed to load `apoc.util.s3.S3Aws$1` from plugin jar `/plugins/apoc.jar`: java.lang.NoClassDefFoundError: com/amazonaws/services/s3/model/S3ObjectInputStream
2025-09-10 18:08:47.832+0000 INFO  [o.n.k.i.a.i.IndexPopulationJob] [system/00000000] Index population started: [Index( id=3, name='constraint_798238d6', type='RANGE', schema=(:DatabaseName {name, namespace}), indexProvider='range-1.0' )]
2025-09-10 18:08:47.843+0000 INFO  [o.n.k.i.a.i.IndexPopulationJob] [system/00000000] Index creation finished for index [Index( id=3, name='constraint_798238d6', type='RANGE', schema=(:DatabaseName {name, namespace}), indexProvider='range-1.0' )].
2025-09-10 18:08:47.848+0000 INFO  [o.n.k.i.a.i.IndexPopulationJob] [system/00000000] Index population started: [Index( id=4, name='constraint_8014b60a', type='RANGE', schema=(:Database {name}), indexProvider='range-1.0' )]
2025-09-10 18:08:47.853+0000 INFO  [o.n.k.i.a.i.IndexPopulationJob] [system/00000000] Index creation finished for index [Index( id=4, name='constraint_8014b60a', type='RANGE', schema=(:Database {name}), indexProvider='range-1.0' )].
2025-09-10 18:08:47.863+0000 INFO  [o.n.k.i.a.i.IndexingService] [system/00000000] Constraint Index( id=3, name='constraint_798238d6', type='RANGE', schema=(:Label[1] {PropertyKey[11], PropertyKey[12]}), indexProvider='range-1.0' ) is ONLINE.
2025-09-10 18:08:47.864+0000 INFO  [o.n.k.i.a.i.IndexingService] [system/00000000] Constraint Index( id=4, name='constraint_8014b60a', type='RANGE', schema=(:Label[2] {PropertyKey[11]}), indexProvider='range-1.0' ) is ONLINE.
2025-09-10 18:08:47.926+0000 INFO  [o.n.k.i.a.i.IndexPopulationJob] [system/00000000] Index population started: [Index( id=7, name='constraint_5789ae3', type='RANGE', schema=(:User {name}), indexProvider='range-1.0' )]
2025-09-10 18:08:47.932+0000 INFO  [o.n.k.i.a.i.IndexPopulationJob] [system/00000000] Index creation finished for index [Index( id=7, name='constraint_5789ae3', type='RANGE', schema=(:User {name}), indexProvider='range-1.0' )].
2025-09-10 18:08:47.936+0000 INFO  [o.n.k.i.a.i.IndexPopulationJob] [system/00000000] Index population started: [Index( id=8, name='constraint_74fad970', type='RANGE', schema=(:User {id}), indexProvider='range-1.0' )]
2025-09-10 18:08:47.940+0000 INFO  [o.n.k.i.a.i.IndexPopulationJob] [system/00000000] Index creation finished for index [Index( id=8, name='constraint_74fad970', type='RANGE', schema=(:User {id}), indexProvider='range-1.0' )].
2025-09-10 18:08:47.944+0000 INFO  [o.n.k.i.a.i.IndexingService] [system/00000000] Constraint Index( id=7, name='constraint_5789ae3', type='RANGE', schema=(:Label[3] {PropertyKey[11]}), indexProvider='range-1.0' ) is ONLINE.
2025-09-10 18:08:47.944+0000 INFO  [o.n.k.i.a.i.IndexingService] [system/00000000] Constraint Index( id=8, name='constraint_74fad970', type='RANGE', schema=(:Label[3] {PropertyKey[26]}), indexProvider='range-1.0' ) is ONLINE.
2025-09-10 18:08:47.945+0000 INFO  [o.n.s.s.s.UserSecurityGraphComponent] Initializing system graph model for component 'security-users' with version -1 and status UNINITIALIZED
2025-09-10 18:08:47.948+0000 INFO  [o.n.s.s.s.UserSecurityGraphComponent] Setting up initial user from `auth.ini` file: neo4j
2025-09-10 18:08:47.948+0000 INFO  [o.n.s.s.a.CommunitySecurityModule] CREATE USER neo4j PASSWORD ****** CHANGE NOT REQUIRED
2025-09-10 18:08:47.951+0000 INFO  [o.n.s.s.s.UserSecurityGraphComponent] Setting version for 'security-users' to 4
2025-09-10 18:08:47.953+0000 INFO  [o.n.s.s.s.UserSecurityGraphComponent] After initialization of system graph model component 'security-users' have version 4 and status CURRENT
2025-09-10 18:08:47.954+0000 INFO  [o.n.s.s.s.UserSecurityGraphComponent] Performing postInitialization step for component 'security-users' with version 4 and status CURRENT
2025-09-10 18:08:47.957+0000 INFO  [o.n.d.d.DatabaseLifecycles] Creating 'DatabaseId{c4f7cfa1[neo4j]}'.
2025-09-10 18:08:47.958+0000 INFO  [o.n.d.d.DatabaseLifecycles] Starting 'DatabaseId{c4f7cfa1[neo4j]}'.
2025-09-10 18:08:47.962+0000 INFO  [o.n.k.i.s.f.RecordFormatSelector] [neo4j/c4f7cfa1] Selected configured format for store /var/lib/neo4j/data/databases/neo4j: RecordFormat:PageAlignedV5_0[aligned-1.1]
2025-09-10 18:08:47.976+0000 INFO  [o.n.i.d.DiagnosticsManager] [neo4j/c4f7cfa1] 
                                                                [neo4j/c4f7cfa1] ********************************************************************************
                                                                [neo4j/c4f7cfa1]                               [ Database: neo4j ]                               
                                                                [neo4j/c4f7cfa1] ********************************************************************************
                                                                [neo4j/c4f7cfa1] --------------------------------------------------------------------------------
                                                                [neo4j/c4f7cfa1]                                   [ Version ]                                   
                                                                [neo4j/c4f7cfa1] --------------------------------------------------------------------------------
                                                                [neo4j/c4f7cfa1] DBMS: community record-aligned-1.1
                                                                [neo4j/c4f7cfa1] Kernel version: 5.15.0
                                                                [neo4j/c4f7cfa1] 
                                                                [neo4j/c4f7cfa1] --------------------------------------------------------------------------------
                                                                [neo4j/c4f7cfa1]                                 [ Store files ]                                 
                                                                [neo4j/c4f7cfa1] --------------------------------------------------------------------------------
                                                                [neo4j/c4f7cfa1] Disk space on partition (Total / Free / Free %): 994662584320 / 652687392768 / 65
                                                                [neo4j/c4f7cfa1] Storage files stored on file store: fakeowner
                                                                [neo4j/c4f7cfa1] Storage files: (filename : modification date - size)
                                                                [neo4j/c4f7cfa1]   neostore: 2025-09-10 18:08:47.971+0000 - 8.000KiB
                                                                [neo4j/c4f7cfa1]   neostore.counts.db: 2025-09-10 18:08:47.971+0000 - 0B
                                                                [neo4j/c4f7cfa1]   neostore.indexstats.db: 2025-09-10 18:08:47.972+0000 - 0B
                                                                [neo4j/c4f7cfa1]   neostore.labeltokenstore.db: 2025-09-10 18:08:47.970+0000 - 0B
                                                                [neo4j/c4f7cfa1]   neostore.labeltokenstore.db.id: 2025-09-10 18:08:47.969+0000 - 0B
                                                                [neo4j/c4f7cfa1]   neostore.labeltokenstore.db.names: 2025-09-10 18:08:47.969+0000 - 8.000KiB
                                                                [neo4j/c4f7cfa1]   neostore.labeltokenstore.db.names.id: 2025-09-10 18:08:47.969+0000 - 0B
                                                                [neo4j/c4f7cfa1]   neostore.nodestore.db: 2025-09-10 18:08:47.964+0000 - 0B
                                                                [neo4j/c4f7cfa1]   neostore.nodestore.db.id: 2025-09-10 18:08:47.964+0000 - 0B
                                                                [neo4j/c4f7cfa1]   neostore.nodestore.db.labels: 2025-09-10 18:08:47.964+0000 - 8.000KiB
                                                                [neo4j/c4f7cfa1]   neostore.nodestore.db.labels.id: 2025-09-10 18:08:47.963+0000 - 0B
                                                                [neo4j/c4f7cfa1]   neostore.propertystore.db: 2025-09-10 18:08:47.967+0000 - 0B
                                                                [neo4j/c4f7cfa1]   neostore.propertystore.db.arrays: 2025-09-10 18:08:47.966+0000 - 8.000KiB
                                                                [neo4j/c4f7cfa1]   neostore.propertystore.db.arrays.id: 2025-09-10 18:08:47.966+0000 - 0B
                                                                [neo4j/c4f7cfa1]   neostore.propertystore.db.id: 2025-09-10 18:08:47.967+0000 - 0B
                                                                [neo4j/c4f7cfa1]   neostore.propertystore.db.index: 2025-09-10 18:08:47.965+0000 - 0B
                                                                [neo4j/c4f7cfa1]   neostore.propertystore.db.index.id: 2025-09-10 18:08:47.965+0000 - 0B
                                                                [neo4j/c4f7cfa1]   neostore.propertystore.db.index.keys: 2025-09-10 18:08:47.965+0000 - 8.000KiB
                                                                [neo4j/c4f7cfa1]   neostore.propertystore.db.index.keys.id: 2025-09-10 18:08:47.965+0000 - 0B
                                                                [neo4j/c4f7cfa1]   neostore.propertystore.db.strings: 2025-09-10 18:08:47.966+0000 - 8.000KiB
                                                                [neo4j/c4f7cfa1]   neostore.propertystore.db.strings.id: 2025-09-10 18:08:47.966+0000 - 0B
                                                                [neo4j/c4f7cfa1]   neostore.relationshipgroupstore.db: 2025-09-10 18:08:47.971+0000 - 8.000KiB
                                                                [neo4j/c4f7cfa1]   neostore.relationshipgroupstore.db.id: 2025-09-10 18:08:47.970+0000 - 0B
                                                                [neo4j/c4f7cfa1]   neostore.relationshipgroupstore.degrees.db: 2025-09-10 18:08:47.972+0000 - 0B
                                                                [neo4j/c4f7cfa1]   neostore.relationshipstore.db: 2025-09-10 18:08:47.967+0000 - 0B
                                                                [neo4j/c4f7cfa1]   neostore.relationshipstore.db.id: 2025-09-10 18:08:47.967+0000 - 0B
                                                                [neo4j/c4f7cfa1]   neostore.relationshiptypestore.db: 2025-09-10 18:08:47.968+0000 - 0B
                                                                [neo4j/c4f7cfa1]   neostore.relationshiptypestore.db.id: 2025-09-10 18:08:47.968+0000 - 0B
                                                                [neo4j/c4f7cfa1]   neostore.relationshiptypestore.db.names: 2025-09-10 18:08:47.968+0000 - 8.000KiB
                                                                [neo4j/c4f7cfa1]   neostore.relationshiptypestore.db.names.id: 2025-09-10 18:08:47.968+0000 - 0B
                                                                [neo4j/c4f7cfa1]   neostore.schemastore.db: 2025-09-10 18:08:47.970+0000 - 8.000KiB
                                                                [neo4j/c4f7cfa1]   neostore.schemastore.db.id: 2025-09-10 18:08:47.970+0000 - 0B
                                                                [neo4j/c4f7cfa1] Storage summary: 
                                                                [neo4j/c4f7cfa1]   Total size of store: 72.00KiB
                                                                [neo4j/c4f7cfa1]   Total size of mapped files: 72.00KiB
                                                                [neo4j/c4f7cfa1] 
                                                                [neo4j/c4f7cfa1] --------------------------------------------------------------------------------
                                                                [neo4j/c4f7cfa1]                               [ Transaction log ]                               
                                                                [neo4j/c4f7cfa1] --------------------------------------------------------------------------------
                                                                [neo4j/c4f7cfa1] Transaction log files stored on file store: fakeowner
                                                                [neo4j/c4f7cfa1] Transaction log metadata:
                                                                [neo4j/c4f7cfa1]  - current kernel version used in transactions: V5_15
                                                                [neo4j/c4f7cfa1]  - last committed transaction id: 1
                                                                [neo4j/c4f7cfa1] Transaction log files:
                                                                [neo4j/c4f7cfa1]  - existing transaction log versions: -1--1
                                                                [neo4j/c4f7cfa1]  - no transactions found
                                                                [neo4j/c4f7cfa1] Checkpoint log files:
                                                                [neo4j/c4f7cfa1]  - existing checkpoint log versions: -1--1
                                                                [neo4j/c4f7cfa1]  - no checkpoints found
                                                                [neo4j/c4f7cfa1] 
                                                                [neo4j/c4f7cfa1] --------------------------------------------------------------------------------
                                                                [neo4j/c4f7cfa1]                                   [ Id usage ]                                  
                                                                [neo4j/c4f7cfa1] --------------------------------------------------------------------------------
                                                                [neo4j/c4f7cfa1] ArrayPropertyStore[neostore.nodestore.db.labels]: used=1 high=0
                                                                [neo4j/c4f7cfa1] NodeStore[neostore.nodestore.db]: used=0 high=-1
                                                                [neo4j/c4f7cfa1] StringPropertyStore[neostore.propertystore.db.index.keys]: used=1 high=0
                                                                [neo4j/c4f7cfa1] PropertyIndexStore[neostore.propertystore.db.index]: used=0 high=-1
                                                                [neo4j/c4f7cfa1] StringPropertyStore[neostore.propertystore.db.strings]: used=1 high=0
                                                                [neo4j/c4f7cfa1] ArrayPropertyStore[neostore.propertystore.db.arrays]: used=1 high=0
                                                                [neo4j/c4f7cfa1] PropertyStore[neostore.propertystore.db]: used=0 high=-1
                                                                [neo4j/c4f7cfa1] RelationshipStore[neostore.relationshipstore.db]: used=0 high=-1
                                                                [neo4j/c4f7cfa1] StringPropertyStore[neostore.relationshiptypestore.db.names]: used=1 high=0
                                                                [neo4j/c4f7cfa1] RelationshipTypeStore[neostore.relationshiptypestore.db]: used=0 high=-1
                                                                [neo4j/c4f7cfa1] StringPropertyStore[neostore.labeltokenstore.db.names]: used=1 high=0
                                                                [neo4j/c4f7cfa1] LabelTokenStore[neostore.labeltokenstore.db]: used=0 high=-1
                                                                [neo4j/c4f7cfa1] SchemaStore[neostore.schemastore.db]: used=1 high=0
                                                                [neo4j/c4f7cfa1] RelationshipGroupStore[neostore.relationshipgroupstore.db]: used=1 high=0
                                                                [neo4j/c4f7cfa1] NeoStore[neostore]: used=-1 high=-1
                                                                [neo4j/c4f7cfa1] 
                                                                [neo4j/c4f7cfa1] --------------------------------------------------------------------------------
                                                                [neo4j/c4f7cfa1]                                   [ Metadata ]                                  
                                                                [neo4j/c4f7cfa1] --------------------------------------------------------------------------------
                                                                [neo4j/c4f7cfa1] EXTERNAL_STORE_UUID (Database identifier exposed as external store identity. Generated on creation and never updated): b9e387ea-7523-4fac-b869-25f7b95ebf96
                                                                [neo4j/c4f7cfa1] DATABASE_ID (The last used DatabaseId for this database): null
                                                                [neo4j/c4f7cfa1] LEGACY_STORE_VERSION (Legacy store format version. This field is used from 5.0 onwards only to distinguish non-migrated pre 5.0 metadata stores.): -3523014627327384477
                                                                [neo4j/c4f7cfa1] STORE_ID (Store ID): StoreId{creationTime=1757527727970, random=-5887413869625971252, storageEngineName='record', formatName='aligned', majorVersion=1, minorVersion=1}
                                                                [neo4j/c4f7cfa1] 
2025-09-10 18:08:47.977+0000 INFO  [o.n.k.a.DatabaseAvailabilityGuard] [neo4j/c4f7cfa1] Requirement `Database unavailable` makes database neo4j unavailable.
2025-09-10 18:08:47.977+0000 INFO  [o.n.k.a.DatabaseAvailabilityGuard] [neo4j/c4f7cfa1] DatabaseId{c4f7cfa1[neo4j]} is unavailable.
2025-09-10 18:08:47.980+0000 WARN  [o.n.k.i.s.MetaDataStore] [neo4j/c4f7cfa1] Missing counts store, rebuilding it.
2025-09-10 18:08:47.980+0000 WARN  [o.n.k.i.s.MetaDataStore] [neo4j/c4f7cfa1] Counts store rebuild completed.
2025-09-10 18:08:47.980+0000 WARN  [o.n.k.i.t.l.f.LogFileChannelNativeAccessor] [neo4j/c4f7cfa1] Error on attempt to preallocate log file version: 0. Error: ErrorCode=-1, errorMessage='Incorrect file descriptor.'
2025-09-10 18:08:47.980+0000 INFO  [o.n.k.d.Database] [neo4j/c4f7cfa1] Starting transaction log [/var/lib/neo4j/data/transactions/neo4j/neostore.transaction.db.0] at version=0
2025-09-10 18:08:47.981+0000 WARN  [o.n.k.i.t.l.f.c.CheckpointFileChannelNativeAccessor] [neo4j/c4f7cfa1] Error on attempt to preallocate log file version: 0. Error: ErrorCode=-1, errorMessage='Incorrect file descriptor.'
2025-09-10 18:08:47.981+0000 INFO  [o.n.k.d.Database] [neo4j/c4f7cfa1] Starting transaction log [/var/lib/neo4j/data/transactions/neo4j/checkpoint.0] at version=0
2025-09-10 18:08:47.983+0000 WARN  [o.n.k.i.t.l.f.c.CheckpointFileChannelNativeAccessor] [neo4j/c4f7cfa1] Unable to advise sequential access for transaction log version: 0. Error: ErrorCode=-1, errorMessage='Incorrect file descriptor.'
2025-09-10 18:08:47.983+0000 WARN  [o.n.k.i.t.l.f.c.CheckpointFileChannelNativeAccessor] [neo4j/c4f7cfa1] Unable to advise preserve data in cache for transaction log version: 0. Error: ErrorCode=-1, errorMessage='Incorrect file descriptor.'
2025-09-10 18:08:47.983+0000 INFO  [o.n.k.i.t.l.f.c.CheckpointLogFile] [neo4j/c4f7cfa1] Scanning log file with version 0 for checkpoint entries
2025-09-10 18:08:47.983+0000 WARN  [o.n.k.i.t.l.f.c.CheckpointFileChannelNativeAccessor] [neo4j/c4f7cfa1] Unable to evict transaction log from cache with version: 0. Error: ErrorCode=-1, errorMessage='Incorrect file descriptor.'
2025-09-10 18:08:47.983+0000 WARN  [o.n.k.i.t.l.f.LogFileChannelNativeAccessor] [neo4j/c4f7cfa1] Unable to advise sequential access for transaction log version: 0. Error: ErrorCode=-1, errorMessage='Incorrect file descriptor.'
2025-09-10 18:08:47.983+0000 WARN  [o.n.k.i.t.l.f.LogFileChannelNativeAccessor] [neo4j/c4f7cfa1] Unable to advise preserve data in cache for transaction log version: 0. Error: ErrorCode=-1, errorMessage='Incorrect file descriptor.'
2025-09-10 18:08:47.984+0000 WARN  [o.n.k.i.t.l.f.LogFileChannelNativeAccessor] [neo4j/c4f7cfa1] Unable to evict transaction log from cache with version: 0. Error: ErrorCode=-1, errorMessage='Incorrect file descriptor.'
2025-09-10 18:08:47.984+0000 WARN  [o.n.k.i.t.l.f.LogFileChannelNativeAccessor] [neo4j/c4f7cfa1] Unable to advise sequential access for transaction log version: 0. Error: ErrorCode=-1, errorMessage='Incorrect file descriptor.'
2025-09-10 18:08:47.984+0000 WARN  [o.n.k.i.t.l.f.LogFileChannelNativeAccessor] [neo4j/c4f7cfa1] Unable to advise preserve data in cache for transaction log version: 0. Error: ErrorCode=-1, errorMessage='Incorrect file descriptor.'
2025-09-10 18:08:47.984+0000 WARN  [o.n.k.i.t.l.f.LogFileChannelNativeAccessor] [neo4j/c4f7cfa1] Unable to evict transaction log from cache with version: 0. Error: ErrorCode=-1, errorMessage='Incorrect file descriptor.'
2025-09-10 18:08:47.985+0000 INFO  [o.n.k.a.DatabaseAvailabilityGuard] [neo4j/c4f7cfa1] Fulfilling of requirement 'Database unavailable' makes database neo4j available.
2025-09-10 18:08:47.985+0000 INFO  [o.n.k.a.DatabaseAvailabilityGuard] [neo4j/c4f7cfa1] DatabaseId{c4f7cfa1[neo4j]} is ready.
2025-09-10 18:08:47.987+0000 INFO  [o.n.k.i.a.i.IndexPopulationJob] [neo4j/c4f7cfa1] Index population started: [Index( id=1, name='index_343aff4e', type='LOOKUP', schema=(:<any-labels>), indexProvider='token-lookup-1.0' )]
2025-09-10 18:08:47.991+0000 INFO  [o.n.k.i.a.i.IndexPopulationJob] [neo4j/c4f7cfa1] Index creation finished for index [Index( id=1, name='index_343aff4e', type='LOOKUP', schema=(:<any-labels>), indexProvider='token-lookup-1.0' )].
2025-09-10 18:08:47.991+0000 INFO  [o.n.k.i.a.i.IndexPopulationJob] [neo4j/c4f7cfa1] Index population started: [Index( id=2, name='index_f7700477', type='LOOKUP', schema=()-[:<any-types>]-(), indexProvider='token-lookup-1.0' )]
2025-09-10 18:08:47.995+0000 INFO  [o.n.k.i.a.i.IndexPopulationJob] [neo4j/c4f7cfa1] Index creation finished for index [Index( id=2, name='index_f7700477', type='LOOKUP', schema=()-[:<any-types>]-(), indexProvider='token-lookup-1.0' )].
2025-09-10 18:08:47.996+0000 INFO  [o.n.k.i.t.l.c.CheckPointerImpl] [neo4j/c4f7cfa1] Checkpoint triggered by "Database init completed." @ txId: 3 checkpoint started...
2025-09-10 18:08:48.005+0000 INFO  [o.n.k.i.t.l.c.CheckPointerImpl] [neo4j/c4f7cfa1] Checkpoint triggered by "Database init completed." @ txId: 3 checkpoint completed in 8ms. Checkpoint flushed 74 pages (0% of total available pages), in 58 IOs. Checkpoint performed with IO limit: unlimited, paused in total 0 times( 0 millis).
2025-09-10 18:08:48.005+0000 INFO  [o.n.k.i.t.l.p.LogPruningImpl] [neo4j/c4f7cfa1] No log version pruned. The strategy used was '2 days'. 
2025-09-10 18:08:48.430+0000 INFO  [o.n.b.p.c.c.n.SocketNettyConnector] Bolt enabled on 0.0.0.0:7687.
2025-09-10 18:08:48.430+0000 INFO  [o.n.b.BoltServer] Bolt server started
2025-09-10 18:08:48.431+0000 INFO  [o.n.s.A.ServerComponentsLifecycleAdapter] Starting web server
2025-09-10 18:08:48.707+0000 INFO  [o.n.s.CommunityNeoWebServer] HTTP enabled on 0.0.0.0:7474.
2025-09-10 18:08:48.708+0000 INFO  [o.n.s.CommunityNeoWebServer] Remote interface available at http://localhost:7474/
2025-09-10 18:08:48.708+0000 INFO  [o.n.s.A.ServerComponentsLifecycleAdapter] Web server started.
2025-09-10 18:08:48.709+0000 INFO  [o.n.g.f.DatabaseManagementServiceFactory] id: 86B00D5E6390A2CFBBB5FDC13AE7F68FB143F644E7817898EA71F09B6E767157
2025-09-10 18:08:48.709+0000 INFO  [o.n.g.f.DatabaseManagementServiceFactory] name: system
2025-09-10 18:08:48.710+0000 INFO  [o.n.g.f.DatabaseManagementServiceFactory] creationDate: 2025-09-10T18:08:46.616Z
2025-09-10 18:23:47.077+0000 INFO  [o.n.k.i.t.l.c.CheckPointerImpl] [system/00000000] Checkpoint triggered by "Scheduled checkpoint for every 15 minutes threshold" @ txId: 37 checkpoint started...
2025-09-10 18:23:47.102+0000 INFO  [o.n.k.i.t.l.c.CheckPointerImpl] [system/00000000] Checkpoint triggered by "Scheduled checkpoint for every 15 minutes threshold" @ txId: 37 checkpoint completed in 23ms. Checkpoint flushed 69 pages (0% of total available pages), in 69 IOs. Checkpoint performed with IO limit: unlimited, paused in total 0 times( 0 millis).
2025-09-10 18:23:47.103+0000 INFO  [o.n.k.i.t.l.p.LogPruningImpl] [system/00000000] No log version pruned. The strategy used was '2 days'. 
2025-09-10 18:46:53.056+0000 INFO  [o.n.g.f.DatabaseManagementServiceFactory] Shutdown started
2025-09-10 18:46:53.068+0000 INFO  [o.n.b.BoltServer] Requested Bolt server shutdown
2025-09-10 18:46:53.068+0000 INFO  [o.n.b.p.c.c.ConnectionRegistry] Stopping remaining idle connections for connector bolt
2025-09-10 18:46:53.068+0000 INFO  [o.n.b.p.c.c.ConnectionRegistry] Stopped 0 idling connections for connector bolt
2025-09-10 18:46:53.070+0000 INFO  [o.n.d.d.DatabaseLifecycles] Stopping 'DatabaseId{c4f7cfa1[neo4j]}'.
2025-09-10 18:46:53.077+0000 INFO  [o.n.k.a.DatabaseAvailabilityGuard] [neo4j/c4f7cfa1] Requirement `Database unavailable` makes database neo4j unavailable.
2025-09-10 18:46:53.077+0000 INFO  [o.n.k.a.DatabaseAvailabilityGuard] [neo4j/c4f7cfa1] DatabaseId{c4f7cfa1[neo4j]} is unavailable.
2025-09-10 18:46:53.079+0000 INFO  [o.n.k.d.Database] [neo4j/c4f7cfa1] Waiting for closing transactions.
2025-09-10 18:46:53.080+0000 INFO  [o.n.k.d.Database] [neo4j/c4f7cfa1] All transactions are closed.
2025-09-10 18:46:53.080+0000 INFO  [o.n.k.i.t.l.c.CheckPointerImpl] [neo4j/c4f7cfa1] Checkpoint triggered by "Database shutdown" @ txId: 3 checkpoint started...
2025-09-10 18:46:53.088+0000 INFO  [o.n.k.i.t.l.c.CheckPointerImpl] [neo4j/c4f7cfa1] Checkpoint triggered by "Database shutdown" @ txId: 3 checkpoint completed in 8ms. Checkpoint flushed 22 pages (0% of total available pages), in 22 IOs. Checkpoint performed with IO limit: unlimited, paused in total 0 times( 0 millis).
2025-09-10 18:46:53.088+0000 INFO  [o.n.k.i.t.l.p.LogPruningImpl] [neo4j/c4f7cfa1] No log version pruned. The strategy used was '2 days'. 
2025-09-10 18:46:53.095+0000 WARN  [o.n.k.i.t.l.f.c.CheckpointFileChannelNativeAccessor] [neo4j/c4f7cfa1] Unable to evict transaction log from cache with version: 0. Error: ErrorCode=-1, errorMessage='Incorrect file descriptor.'
2025-09-10 18:46:53.095+0000 WARN  [o.n.k.i.t.l.f.LogFileChannelNativeAccessor] [neo4j/c4f7cfa1] Unable to evict transaction log from cache with version: 0. Error: ErrorCode=-1, errorMessage='Incorrect file descriptor.'
2025-09-10 18:46:53.112+0000 INFO  [o.n.d.d.DatabaseLifecycles] Stopped 'DatabaseId{c4f7cfa1[neo4j]}' successfully.
2025-09-10 18:46:53.112+0000 INFO  [o.n.d.d.DatabaseLifecycles] Stopping 'DatabaseId{00000000[system]}'.
2025-09-10 18:46:53.112+0000 INFO  [o.n.k.a.DatabaseAvailabilityGuard] [system/00000000] Requirement `Database unavailable` makes database system unavailable.
2025-09-10 18:46:53.112+0000 INFO  [o.n.k.a.DatabaseAvailabilityGuard] [system/00000000] DatabaseId{00000000[system]} is unavailable.
2025-09-10 18:46:53.113+0000 INFO  [o.n.k.d.Database] [system/00000000] Waiting for closing transactions.
2025-09-10 18:46:53.114+0000 INFO  [o.n.k.d.Database] [system/00000000] All transactions are closed.
2025-09-10 18:46:53.114+0000 INFO  [o.n.k.i.t.l.c.CheckPointerImpl] [system/00000000] Checkpoint triggered by "Database shutdown" @ txId: 37 checkpoint started...
2025-09-10 18:46:53.123+0000 INFO  [o.n.k.i.t.l.c.CheckPointerImpl] [system/00000000] Checkpoint triggered by "Database shutdown" @ txId: 37 checkpoint completed in 8ms. Checkpoint flushed 27 pages (0% of total available pages), in 26 IOs. Checkpoint performed with IO limit: unlimited, paused in total 0 times( 0 millis).
2025-09-10 18:46:53.123+0000 INFO  [o.n.k.i.t.l.p.LogPruningImpl] [system/00000000] No log version pruned. The strategy used was '2 days'. 
2025-09-10 18:46:53.127+0000 WARN  [o.n.k.i.t.l.f.c.CheckpointFileChannelNativeAccessor] [system/00000000] Unable to evict transaction log from cache with version: 0. Error: ErrorCode=-1, errorMessage='Incorrect file descriptor.'
2025-09-10 18:46:53.128+0000 WARN  [o.n.k.i.t.l.f.LogFileChannelNativeAccessor] [system/00000000] Unable to evict transaction log from cache with version: 0. Error: ErrorCode=-1, errorMessage='Incorrect file descriptor.'
2025-09-10 18:46:53.134+0000 INFO  [o.n.d.d.DatabaseLifecycles] Stopped 'DatabaseId{00000000[system]}' successfully.
2025-09-10 18:46:53.136+0000 INFO  [o.n.b.BoltServer] Shutting down Bolt server
2025-09-10 18:46:53.136+0000 INFO  [o.n.b.p.c.c.ConnectionRegistry] Stopping 0 connections for connector bolt
2025-09-10 18:46:53.136+0000 INFO  [o.n.b.p.c.c.ConnectionRegistry] Stopped all remaining connections for connector bolt
2025-09-10 18:46:58.116+0000 INFO  [o.n.b.BoltServer] Bolt server has been shut down
